{"time":"2025-02-08_18-51-01.969","message":"created 100 rooms"}
{"time":"2025-02-08_18-51-01.970","message":"server running on port 9999"}
{"time":"2025-02-08_18-51-01.970","message":"address is undefined"}
{"time":"2025-02-08_18-51-45.735","message":"created 100 rooms"}
{"time":"2025-02-08_18-51-45.735","message":"server running on port 9999"}
{"time":"2025-02-08_18-51-45.736","message":"address is undefined"}
{"time":"2025-02-08_18-52-04.538","message":"127.0.0.1 requested file index.html"}
{"time":"2025-02-08_18-52-04.545","message":"serving /home/lena/projects/wikilinks/client/index.html to 127.0.0.1"}
{"time":"2025-02-08_18-52-05.152","message":"127.0.0.1 requested file styles.css"}
{"time":"2025-02-08_18-52-05.154","message":"127.0.0.1 requested file lobby.js"}
{"time":"2025-02-08_18-52-05.155","message":"serving /home/lena/projects/wikilinks/client/lobby.js to 127.0.0.1"}
{"time":"2025-02-08_18-52-05.170","message":"serving /home/lena/projects/wikilinks/client/styles.css to 127.0.0.1"}
{"time":"2025-02-08_18-52-05.312","message":"127.0.0.1 requested file w.png"}
{"time":"2025-02-08_18-52-05.327","message":"serving /home/lena/projects/wikilinks/client/w.png to 127.0.0.1"}
{"time":"2025-02-08_18-56-36.932","message":"127.0.0.1 requested file index.html"}
{"time":"2025-02-08_18-56-36.932","message":"serving /home/lena/projects/wikilinks/client/index.html to 127.0.0.1"}
{"time":"2025-02-08_18-56-37.213","message":"127.0.0.1 requested file styles.css"}
{"time":"2025-02-08_18-56-37.214","message":"serving /home/lena/projects/wikilinks/client/styles.css to 127.0.0.1"}
{"time":"2025-02-08_18-56-37.216","message":"127.0.0.1 requested file lobby.js"}
{"time":"2025-02-08_18-56-37.216","message":"serving /home/lena/projects/wikilinks/client/lobby.js to 127.0.0.1"}
{"time":"2025-02-08_18-56-37.466","message":"127.0.0.1 requested file w.png"}
{"time":"2025-02-08_18-56-37.467","message":"serving /home/lena/projects/wikilinks/client/w.png to 127.0.0.1"}
{"time":"2025-02-08_19-00-44.193","message":"created 100 rooms"}
{"time":"2025-02-08_19-00-44.194","message":"server running on port 9999"}
{"time":"2025-02-08_19-00-44.194","message":"address is undefined"}
{"time":"2025-02-08_19-06-43.300","message":"created 100 rooms"}
{"time":"2025-02-08_19-06-43.300","message":"server running on port 9999"}
{"time":"2025-02-08_19-06-43.301","message":"address is undefined"}
{"time":"2025-02-08_19-06-45.968","message":"created 100 rooms"}
{"time":"2025-02-08_19-06-45.968","message":"server running on port 9999"}
{"time":"2025-02-08_19-06-45.969","message":"address is undefined"}
{"time":"2025-02-08_19-07-48.191","message":"created 100 rooms"}
{"time":"2025-02-08_19-07-48.192","message":"server running on port 9999"}
{"time":"2025-02-08_19-07-48.192","message":"address is undefined"}
{"time":"2025-02-08_19-08-09.652","message":"created 100 rooms"}
{"time":"2025-02-08_19-08-09.653","message":"server running on port 9999"}
{"time":"2025-02-08_19-08-09.653","message":"address is undefined"}
{"time":"2025-02-08_19-11-47.626","message":"created 100 rooms"}
{"time":"2025-02-08_19-11-47.626","message":"server running on port 9999"}
{"time":"2025-02-08_19-11-47.626","message":"address is undefined"}
{"time":"2025-02-08_19-13-17.575","message":"created 100 rooms"}
{"time":"2025-02-08_19-13-17.576","message":"server running on port 9999"}
{"time":"2025-02-08_19-13-17.576","message":"address is undefined"}
{"time":"2025-02-08_19-14-40.327","message":"created 100 rooms"}
{"time":"2025-02-08_19-14-40.328","message":"server running on port 9999"}
{"time":"2025-02-08_19-14-40.328","message":"address is undefined"}
{"time":"2025-02-08_19-19-49.621","message":"created 100 rooms"}
{"time":"2025-02-08_19-19-49.622","message":"server running on port 9999"}
{"time":"2025-02-08_19-19-49.622","message":"address is undefined"}
{"time":"2025-02-08_19-20-32.717","message":"created 100 rooms"}
{"time":"2025-02-08_19-20-32.717","message":"server running on port 9999"}
{"time":"2025-02-08_19-20-32.717","message":"address is undefined"}
{"time":"2025-02-08_19-26-11.859","message":"created 100 rooms"}
{"time":"2025-02-08_19-26-11.859","message":"server running on port 9999"}
{"time":"2025-02-08_19-26-11.859","message":"address is undefined"}
{"time":"2025-02-08_19-27-12.516","message":"created 100 rooms"}
{"time":"2025-02-08_19-27-12.517","message":"server running on port 9999"}
{"time":"2025-02-08_19-27-12.517","message":"address is undefined"}
{"time":"2025-02-08_19-27-23.906","message":"created 100 rooms"}
{"time":"2025-02-08_19-27-23.907","message":"server running on port 9999"}
{"time":"2025-02-08_19-27-23.907","message":"address is undefined"}
{"time":"2025-02-08_19-27-40.307","message":"created 100 rooms"}
{"time":"2025-02-08_19-27-40.308","message":"server running on port 9999"}
{"time":"2025-02-08_19-27-40.308","message":"address is undefined"}
{"time":"2025-02-08_19-28-17.944","message":"created 100 rooms"}
{"time":"2025-02-08_19-28-17.945","message":"server running on port 9999"}
{"time":"2025-02-08_19-28-17.945","message":"address is undefined"}
{"time":"2025-02-08_19-29-18.344","message":"created 100 rooms"}
{"time":"2025-02-08_19-29-18.344","message":"server running on port 9999"}
{"time":"2025-02-08_19-29-18.344","message":"address is undefined"}
{"time":"2025-02-08_19-34-30.142","message":"created 100 rooms"}
{"time":"2025-02-08_19-34-30.143","message":"server running on port 9999"}
{"time":"2025-02-08_19-34-30.143","message":"address is undefined"}
{"time":"2025-02-08_19-36-02.028","message":"created 100 rooms"}
{"time":"2025-02-08_19-36-02.029","message":"server running on port 9999"}
{"time":"2025-02-08_19-36-02.029","message":"address is undefined"}
{"time":"2025-02-08_19-37-30.130","message":"created 100 rooms"}
{"time":"2025-02-08_19-37-30.131","message":"server running on port 9999"}
{"time":"2025-02-08_19-37-30.131","message":"address is undefined"}
{"time":"2025-02-08_19-40-18.835","message":"created 100 rooms"}
{"time":"2025-02-08_19-40-18.835","message":"server running on port 9999"}
{"time":"2025-02-08_19-40-18.835","message":"address is undefined"}
{"time":"2025-02-08_19-45-03.684","message":"created 100 rooms"}
{"time":"2025-02-08_19-45-03.685","message":"server running on port 9999"}
{"time":"2025-02-08_19-45-03.685","message":"address is undefined"}
{"time":"2025-02-08_19-45-34.268","message":"created 100 rooms"}
{"time":"2025-02-08_19-45-34.269","message":"server running on port 9999"}
{"time":"2025-02-08_19-45-34.269","message":"address is undefined"}
{"time":"2025-02-08_19-46-25.137","message":"created 100 rooms"}
{"time":"2025-02-08_19-46-25.138","message":"server running on port 9999"}
{"time":"2025-02-08_19-46-25.138","message":"address is undefined"}
{"time":"2025-02-08_19-46-35.151","message":"created 100 rooms"}
{"time":"2025-02-08_19-46-35.152","message":"server running on port 9999"}
{"time":"2025-02-08_19-46-35.152","message":"address is undefined"}
{"time":"2025-02-08_19-46-42.723","message":"created 100 rooms"}
{"time":"2025-02-08_19-46-42.724","message":"server running on port 9999"}
{"time":"2025-02-08_19-46-42.724","message":"address is undefined"}
{"time":"2025-02-08_19-47-02.738","message":"created 100 rooms"}
{"time":"2025-02-08_19-47-02.738","message":"server running on port 9999"}
{"time":"2025-02-08_19-47-02.739","message":"address is undefined"}
{"time":"2025-02-08_19-50-04.129","message":"created 100 rooms"}
{"time":"2025-02-08_19-50-04.129","message":"server running on port 9999"}
{"time":"2025-02-08_19-50-04.130","message":"address is undefined"}
{"time":"2025-02-08_21-35-09.805","message":"created 100 rooms"}
{"time":"2025-02-08_21-35-09.806","message":"server running on port 9999"}
{"time":"2025-02-08_21-35-09.806","message":"address is undefined"}
